<?xml version="1.0" encoding="UTF-8"?>
<!-- Generated by org.testng.reporters.JUnitXMLReporter -->
<testsuite hostname="Praveen" ignored="0" name="Test" tests="4" failures="0" timestamp="11 Feb 2021 16:07:07 GMT" time="0.073" errors="0">
  <testcase name="BrowserAutomation" time="0.021" classname="mvn.SeleniumTest"/>
  <testcase name="elementsUi" time="0.0" classname="mvn.SeleniumTest"/>
  <testcase name="deleteTwitter" time="0.0" classname="mvn.RESTAPITest"/>
  <testcase name="postJira" time="0.001" classname="mvn.RESTAPITest"/>
</testsuite> <!-- Test -->
