<?xml version="1.0" encoding="UTF-8"?>
<testng-results skipped="0" failed="0" ignored="0" total="4" passed="4">
  <reporter-output>
  </reporter-output>
  <suite name="Suite" duration-ms="73" started-at="2021-02-11T16:07:06Z" finished-at="2021-02-11T16:07:07Z">
    <groups>
    </groups>
    <test name="Test" duration-ms="73" started-at="2021-02-11T16:07:06Z" finished-at="2021-02-11T16:07:07Z">
      <class name="mvn.SeleniumTest">
        <test-method status="PASS" signature="BrowserAutomation()[pri:0, instance:mvn.SeleniumTest@971d0d8]" name="BrowserAutomation" duration-ms="21" started-at="2021-02-11T21:37:07Z" finished-at="2021-02-11T21:37:07Z">
          <reporter-output>
          </reporter-output>
        </test-method> <!-- BrowserAutomation -->
        <test-method status="PASS" signature="elementsUi()[pri:0, instance:mvn.SeleniumTest@971d0d8]" name="elementsUi" duration-ms="0" started-at="2021-02-11T21:37:07Z" finished-at="2021-02-11T21:37:07Z">
          <reporter-output>
          </reporter-output>
        </test-method> <!-- elementsUi -->
      </class> <!-- mvn.SeleniumTest -->
      <class name="mvn.RESTAPITest">
        <test-method status="PASS" signature="deleteTwitter()[pri:0, instance:mvn.RESTAPITest@564718df]" name="deleteTwitter" duration-ms="0" started-at="2021-02-11T21:37:07Z" finished-at="2021-02-11T21:37:07Z">
          <reporter-output>
          </reporter-output>
        </test-method> <!-- deleteTwitter -->
        <test-method status="PASS" signature="postJira()[pri:0, instance:mvn.RESTAPITest@564718df]" name="postJira" duration-ms="1" started-at="2021-02-11T21:37:07Z" finished-at="2021-02-11T21:37:07Z">
          <reporter-output>
          </reporter-output>
        </test-method> <!-- postJira -->
      </class> <!-- mvn.RESTAPITest -->
    </test> <!-- Test -->
  </suite> <!-- Suite -->
</testng-results>
